    1  vim /etc/bashrc
    2  vim /etc/bashrc
    3  vim /etc/bashrc
    4  vim /etc/bashrc
    5  cd
    6  cd Desktop/
    7  ls
    8  cd
    9  ls
   10  cd /etc
   11  cd defaults/
   12  ls
   13  ls 
   14  ifconfig 
   15  exit
   16  /usr/bin/ruby -e "$(curl -fsSL https://raw.githubusercontent.com/Homebrew/install/master/install)"
   17  \
   18  xcode-select --install
   19  /usr/bin/ruby -e "$(curl -fsSL https://raw.githubusercontent.com/Homebrew/install/master/install)"
   20  brew
   21  brew install git
   22  git clone https://github.com/naname050505/dotfiles.git
   23  cd dotfiles/
   24  ls
   25  cp -p .tmux.conf ~/
   26  cp -p .vimrc ~/
   27  ./install.sh 
   28  vim
   29  vim
   30  vim a.py
   31  tmux
   32  ifconfig
   33  cd
   34  ls
   35  mkdir .ssh
   36  chmod 700 ~/.ssh
   37  mv Desktop/id_rsa .ssh/
   38  chmod 400 ~/.ssh/id_rsa 
   39  vim .ssh/config
   40  ssh 30
   41  vim .ssh/config
   42  ssh 30
   43  chmod 600 .ssh/config 
   44  ssh 30
   45  exit
   46  ls 
   47  ssh 30
   48  ssh 30
   49  ls 
   50  ssh 30
   51  ssh 30
   52  ssh 30
   53  ssh 30
   54  ssh 30
   55  ssh 30
   56  ssh 130
   57  ssh 30
   58  0;203;8M0;203;8m0;107;23M0;107;23m
   59  0;203;8M0;203;8m0;107;23M0;107;23m0;67;42M0;67;42m
   60  ssh 30
   61  Z
   62  ssh 30
   63  0;98;52M0;98;52m0;135;52M0;135;52m0;135;52M0;135;52m0;135;52M0;135;52m0;135;52M0;135;52m
   64  ifconfig all
   65  ifconfig 
   66  ls 
   67  python
   68  git
   69  ls
   70  cd dotfiles/
   71  ls
   72  ./install.sh 
   73  cd
   74  ls
   75  vim
   76  ls 
   77  ls 
   78  mkdir asobi
   79  vim asobi/
   80  vim asobi/fibo.py
   81  vim asobi/fibo.py
   82  pip install brew install opencv3 --with-python3 --without-python
   83  rew install opencv3 --with-python3 --without-python
   84  brew install opencv3 --with-python3 --without-python
   85  brew install opencv3 
   86  python 
   87  pip install numpy
   88  python3.7
   89  pip isntall synpy
   90  pip install synpy
   91  pip install sympy
   92  python3.7 asobi/fibo.py 
   93  pip3 install sympy
   94  python3.7 asobi/fibo.py 
   95  vim asobi/fibo.py 
   96  python3.7 asobi/fibo.py 
   97  vim asobi/fibo.py 
   98  nano asobi/fibo.py \
   99  nano asobi/fibo.py 
  100  python3.7 asobi/fibo.py 
  101  nano asobi/fibo.py 
  102  python3.7 asobi/fibo.py 
  103  nano asobi/fibo.py 
  104  python3.7 asobi/fibo.py 
  105  nano asobi/fibo.py 
  106  python3.7 asobi/fibo.py 
  107  nano asobi/fibo.py 
  108  python3.7 asobi/fibo.py 
  109  vim
  110  vim asobi/fibo.py 
  111  vim asobi/fibo.py 
  112  vim asobi/fibo.py 
  113  python3.7 asobi/fibo.py 
  114  vim asobi/fibo.py 
  115  python3.7 asobi/fibo.py 
  116  vim asobi/fibo.py 
  117  python3.7 asobi/fibo.py 
  118  ps ax | grep python
  119  fg 1
  120  fg 15
  121  jobs
  122  ps ax | grep python
  123  vim asobi/fibo.py 
  124  vim ~/.tmux.conf 
  125  vim ~/.vimrc 
  126  vim asobi/fibo.py 
  127  vim asobi/fibo.py 
  128  python asobi/fibo.py 
  129  vim asobi/fibo.py 
  130  python asobi/fibo.py 
  131  vim asobi/fibo.py 
  132  python asobi/fibo.py 
  133  python3.7 asobi/fibo.py 
  134  vim asobi/fibo.py 
  135  python3.7 asobi/fibo.py 
  136  vim asobi/fibo.py 
  137  python3.7 asobi/fibo.py 
  138  vim asobi/fibo.py 
  139  python3.7 asobi/fibo.py 
  140  vim asobi/fibo.py 
  141  python3.7 asobi/fibo.py 
  142  vim asobi/fibo.py 
  143  python3.7 asobi/fibo.py 
  144  vim asobi/fibo.py 
  145  vim asobi/fibo.py 
  146  vim asobi/fibo.py 
  147  python3.7 asobi/fibo.py 
  148  vim asobi/fibo.py 
  149  vim asobi/fibo.py 
  150  vim asobi/fibo.py 
  151  python3.7 asobi/fibo.py 
  152  vim asobi/fibo.py 
  153  python3.7 asobi/fibo.py 
  154  python3.7 asobi/fibo.py 
  155  vim asobi/fibo.py 
  156  python3.7 asobi/fibo.py 
  157  vim asobi/fibo.py 
  158  python3.7 asobi/fibo.py 
  159  vim asobi/fibo.py 
  160  python3.7 asobi/fibo.py \
  161  python3.7 asobi/fibo.py \
  162  python3.7 asobi/fibo.py 
  163  vim asobi/fibo.py 
  164  vim asobi/fibo.py 
  165  python3.7 asobi/fibo.py 
  166  vim asobi/fibo.py 
  167  python3.7 asobi/fibo.py 
  168  vim asobi/fibo.py 
  169  python3.7 asobi/fibo.py 
  170  vim asobi/fibo.py 
  171  python3.7 asobi/fibo.py 
  172  vim asobi/fibo.py 
  173  python3.7 asobi/fibo.py 
  174  vim asobi/fibo.py 
  175  python3.7 asobi/fibo.py 
  176  vim asobi/fibo.py 
  177  python3.7 asobi/fibo.py 
  178  vim asobi/fibo.py 
  179  python3.7 asobi/fibo.py 
  180  vim asobi/fibo.py 
  181  python3.7 asobi/fibo.py 
  182  vim asobi/fibo.py 
  183  python3.7 asobi/fibo.py 
  184  vim asobi/fibo.py 
  185  python3.7 asobi/fibo.py 
  186  python3.7 asobi/fibo.py 
  187  vim asobi/fibo.py 
  188  vim asobi/fibo.py 
  189  python3.7 asobi/fibo.py 
  190  python3.7 asobi/fibo.py 
  191  vim asobi/fibo.py 
  192  vim asobi/fibo.py 
  193  python3.7 asobi/fibo.py 
  194  vim asobi/fibo.py 
  195  python3.7 asobi/fibo.py 
  196  vim asobi/fibo.py 
  197  python3.7 asobi/fibo.py 
  198  vim asobi/fibo.py 
  199  python3.7 asobi/fibo.py 
  200  vim asobi/fibo.py 
  201  python3.7 asobi/fibo.py 
  202  vim asobi/fibo.py 
  203  python3.7 asobi/fibo.py 
  204  vim asobi/fibo.py 
  205  python3.7 asobi/fibo.py 
  206  vim asobi/fibo.py 
  207  python3.7 asobi/fibo.py 
  208  vim asobi/fibo.py 
  209  python3.7 asobi/fibo.py 
  210  ls 
  211  vim asobi/fibo.py 
  212  python3.7 asobi/fibo.py 
  213  vim asobi/fibo.py 
  214  python3.7 asobi/fibo.py 
  215  vim asobi/fibo.py 
  216  vim asobi/fibo.py 
  217  python3.7 asobi/fibo.py 
  218  vim asobi/fibo.py 
  219  python3.7 asobi/fibo.py 
  220  vim asobi/fibo.py 
  221  python3.7 asobi/fibo.py 
  222  vim asobi/fibo.py 
  223  python3.7 asobi/fibo.py 
  224  vim asobi/fibo.py 
  225  python3.7 asobi/fibo.py 
  226  vim asobi/fibo.py 
  227  python3.7 asobi/fibo.py 
  228  vim asobi/fibo.py 
  229  python3.7 asobi/fibo.py 
  230  vim asobi/fibo.py 
  231  python3.7 asobi/fibo.py 
  232  vim asobi/fibo.py 
  233  python3.7 asobi/fibo.py 
  234  vim asobi/fibo.py 
  235  python3.7 asobi/fibo.py 
  236  vim asobi/fibo.py 
  237  python3.7 asobi/fibo.py 
  238  vim asobi/fibo.py 
  239  python3.7 asobi/fibo.py 
  240  vim asobi/fibo.py 
  241  python3.7 asobi/fibo.py 
  242  vim asobi/fibo.py 
  243  python3.7 asobi/fibo.py 
  244  python3.7 asobi/fibo.py 
  245  vim asobi/fibo.py 
  246  python3.7 asobi/fibo.py 
  247  vim asobi/fibo.py 
  248  python3.7 asobi/fibo.py 
  249  vim asobi/fibo.py 
  250  python3.7 asobi/fibo.py 
  251  vim asobi/fibo.py 
  252  python3.7 asobi/fibo.py 
  253  mkdir jitsunari
  254  cd
  255  ls
  256  rm -rf jitsunari/
  257  git clone http://jitsunari_y@192.168.0.24/stash/scm/csg/jitsunari.git
  258  ls 
  259  cp asobi/fibo.py jitsunari/
  260  cd jitsunari/
  261  git add .
  262  git commit -m ""
  263  git commit -m "add fibo"
  264  git push origin master
  265  vim asobi/fibo.py 
  266  ls 
  267  cd
  268  vim asobi/fibo.py 
  269  python  asobi/fibo.py 
  270  python3.7  asobi/fibo.py 
  271  python  asobi/fibo.py 
  272  vim asobi/fibo.py 
  273  python  asobi/fibo.py 
  274  python3.7  asobi/fibo.py 
  275  vim asobi/fibo.py 
  276  python3.7  asobi/fibo.py 
  277  vim asobi/fibo.py 
  278  python3.7  asobi/fibo.py 
  279  julia
  280  ls
  281  ls asobi/
  282  rm -rf asp
  283  rm -rf asobi/
  284  mkdir home
  285  vim home/demo_logisticregression.jl
  286  julia home/demo_logisticregression.jl 
  287  tmux
  288  brew install tmux
  289  tmux
  290  tmux
  291  brew install tmux
  292  tmux
  293  cp -pR julia-vim/* ~/.vim
  294  ls .vim
  295  ls -tl  .vim/bundle/
  296  vim home/nyan.jl 
  297  vim home/demo_logisticregression.jl 
  298  cd dotfiles/
  299  git add .
  300  git commit -m "add julia-vim and F5 shortcut"
  301  git config --global --edit
  302  git commit -m "add julia-vim and F5 shortcut"
  303  git add .
  304  git commit -m "add julia-vim and F5 shortcut"
  305  git push origin master
  306  git config --global user.name "naname050505"
  307  git config --global user.email naname84j@gmail.com
  308  history > a.log
